<?xml version="1.0" encoding="UTF-8"?>
<robot generator="Robot 3.0.4 (Python 3.7.0 on win32)" generated="20181209 17:23:00.408">
<suite id="s1" name="Add Emp Testcase" source="C:\Users\Rohit\PycharmProjects\robot_web_framework\testcases\add_emp_testcase.robot">
<test id="s1-t1" name="OrangeHRM Add Employee">
<kw name="Open Browser To Landing Page" library="common_keyword">
<kw name="Open Browser" library="Selenium2Library">
<doc>Opens a new browser instance to the given ``url``.</doc>
<arguments>
<arg>${WEB_BASE_URL}</arg>
<arg>${BROWSER}</arg>
</arguments>
<msg timestamp="20181209 17:23:01.743" level="INFO">Opening browser 'chrome' to base url 'http://127.0.0.1/orangehrm-4.2.0.1/symfony/web/index.php/auth/login'.</msg>
<status status="PASS" starttime="20181209 17:23:01.743" endtime="20181209 17:23:07.456"></status>
</kw>
<kw name="Maximize Browser Window" library="Selenium2Library">
<doc>Maximizes current browser window.</doc>
<status status="PASS" starttime="20181209 17:23:07.456" endtime="20181209 17:23:08.586"></status>
</kw>
<kw name="Set Selenium Speed" library="Selenium2Library">
<doc>Sets the delay that is waited after each Selenium command.</doc>
<arguments>
<arg>${SPEED}</arg>
</arguments>
<status status="PASS" starttime="20181209 17:23:08.587" endtime="20181209 17:23:08.587"></status>
</kw>
<status status="PASS" starttime="20181209 17:23:01.741" endtime="20181209 17:23:08.587"></status>
</kw>
<kw name="Go To Login Page" library="login_keyword">
<kw name="Go To" library="Selenium2Library">
<doc>Navigates the active browser instance to the provided ``url``.</doc>
<arguments>
<arg>${WEB_BASE_URL}</arg>
</arguments>
<msg timestamp="20181209 17:23:08.590" level="INFO">Opening url 'http://127.0.0.1/orangehrm-4.2.0.1/symfony/web/index.php/auth/login'</msg>
<status status="PASS" starttime="20181209 17:23:08.590" endtime="20181209 17:23:09.692"></status>
</kw>
<kw name="Wait Until Element Is Visible" library="Selenium2Library">
<doc>Waits until element ``locator`` is visible.</doc>
<arguments>
<arg>${login_block}</arg>
</arguments>
<status status="PASS" starttime="20181209 17:23:09.692" endtime="20181209 17:23:10.359"></status>
</kw>
<status status="PASS" starttime="20181209 17:23:08.589" endtime="20181209 17:23:10.359"></status>
</kw>
<kw name="Fill Input Login Form" library="login_keyword">
<arguments>
<arg>${USERNAME}</arg>
<arg>${PASSWORD}</arg>
</arguments>
<kw name="Input Text" library="Selenium2Library">
<doc>Types the given ``text`` into text field identified by ``locator``.</doc>
<arguments>
<arg>${login_input_username}</arg>
<arg>${username}</arg>
</arguments>
<msg timestamp="20181209 17:23:10.361" level="INFO">Typing text 'Admin' into text field 'id=txtUsername'.</msg>
<status status="PASS" starttime="20181209 17:23:10.360" endtime="20181209 17:23:11.497"></status>
</kw>
<kw name="Input Password" library="Selenium2Library">
<doc>Types the given password into text field identified by ``locator``.</doc>
<arguments>
<arg>${login_input_password}</arg>
<arg>${password}</arg>
</arguments>
<msg timestamp="20181209 17:23:11.498" level="INFO">Typing password into text field 'id=txtPassword'.</msg>
<status status="PASS" starttime="20181209 17:23:11.497" endtime="20181209 17:23:12.808"></status>
</kw>
<kw name="Click Element" library="Selenium2Library">
<doc>Click element identified by ``locator``.</doc>
<arguments>
<arg>${login_button_submit}</arg>
</arguments>
<msg timestamp="20181209 17:23:12.809" level="INFO">Clicking element 'id=btnLogin'.</msg>
<status status="PASS" starttime="20181209 17:23:12.808" endtime="20181209 17:23:18.023"></status>
</kw>
<kw name="Sleep" library="BuiltIn">
<doc>Pauses the test executed for the given time.</doc>
<arguments>
<arg>2</arg>
</arguments>
<msg timestamp="20181209 17:23:20.025" level="INFO">Slept 2 seconds</msg>
<status status="PASS" starttime="20181209 17:23:18.023" endtime="20181209 17:23:20.025"></status>
</kw>
<status status="PASS" starttime="20181209 17:23:10.359" endtime="20181209 17:23:20.025"></status>
</kw>
<kw name="Verify Login is Successful" library="login_keyword">
<arguments>
<arg>${USERNAME}</arg>
</arguments>
<kw name="Wait Until Element Is Visible" library="Selenium2Library">
<doc>Waits until element ``locator`` is visible.</doc>
<arguments>
<arg>${login_welcome}</arg>
<arg>${TIMEOUT}</arg>
</arguments>
<status status="PASS" starttime="20181209 17:23:20.034" endtime="20181209 17:23:22.196"></status>
</kw>
<kw name="Get Text" library="Selenium2Library">
<doc>Returns the text value of element identified by ``locator``.</doc>
<arguments>
<arg>${login_welcome}</arg>
</arguments>
<assign>
<var>${login_username}</var>
</assign>
<msg timestamp="20181209 17:23:23.067" level="INFO">${login_username} = Welcome Admin</msg>
<status status="PASS" starttime="20181209 17:23:22.196" endtime="20181209 17:23:23.067"></status>
</kw>
<kw name="Catenate" library="BuiltIn">
<doc>Catenates the given items together and returns the resulted string.</doc>
<arguments>
<arg>Welcome</arg>
<arg>${username}</arg>
</arguments>
<assign>
<var>${text}</var>
</assign>
<msg timestamp="20181209 17:23:23.067" level="INFO">${text} = Welcome Admin</msg>
<status status="PASS" starttime="20181209 17:23:23.067" endtime="20181209 17:23:23.067"></status>
</kw>
<kw name="Should Be Equal" library="BuiltIn">
<doc>Fails if the given objects are unequal.</doc>
<arguments>
<arg>${text}</arg>
<arg>${login_username}</arg>
</arguments>
<status status="PASS" starttime="20181209 17:23:23.067" endtime="20181209 17:23:23.068"></status>
</kw>
<status status="PASS" starttime="20181209 17:23:20.033" endtime="20181209 17:23:23.068"></status>
</kw>
<kw name="Go To Add Employee" library="add_emp_keyword">
<kw name="Mouse Over" library="Selenium2Library">
<doc>Simulates hovering mouse over the element ``locator``.</doc>
<arguments>
<arg>${pim_hover}</arg>
</arguments>
<msg timestamp="20181209 17:23:23.069" level="INFO">Simulating Mouse Over on element '//*[@id="menu_pim_viewPimModule"]//b[contains(text(),'PIM')]'.</msg>
<status status="PASS" starttime="20181209 17:23:23.069" endtime="20181209 17:23:24.194"></status>
</kw>
<kw name="Click Element" library="Selenium2Library">
<doc>Click element identified by ``locator``.</doc>
<arguments>
<arg>${add_employee}</arg>
</arguments>
<msg timestamp="20181209 17:23:24.195" level="INFO">Clicking element '//*[@id="menu_pim_addEmployee"]'.</msg>
<status status="PASS" starttime="20181209 17:23:24.194" endtime="20181209 17:23:28.036"></status>
</kw>
<status status="PASS" starttime="20181209 17:23:23.068" endtime="20181209 17:23:28.036"></status>
</kw>
<kw name="Enter Employee Details" library="add_emp_keyword">
<kw name="Input Text" library="Selenium2Library">
<doc>Types the given ``text`` into text field identified by ``locator``.</doc>
<arguments>
<arg>${first_name_id}</arg>
<arg>${firstname}</arg>
</arguments>
<msg timestamp="20181209 17:23:28.042" level="INFO">Typing text 'Rohit' into text field 'id=firstName'.</msg>
<status status="PASS" starttime="20181209 17:23:28.041" endtime="20181209 17:23:29.314"></status>
</kw>
<kw name="Input Text" library="Selenium2Library">
<doc>Types the given ``text`` into text field identified by ``locator``.</doc>
<arguments>
<arg>${last_name_id}</arg>
<arg>${lastname}</arg>
</arguments>
<msg timestamp="20181209 17:23:29.315" level="INFO">Typing text 'Ratnakumar' into text field 'id=lastName'.</msg>
<status status="PASS" starttime="20181209 17:23:29.314" endtime="20181209 17:23:30.520"></status>
</kw>
<kw name="Choose File" library="Selenium2Library">
<doc>Inputs the ``file_path`` into file input field ``locator``.</doc>
<arguments>
<arg>${photo_id}</arg>
<arg>${photo_path}</arg>
</arguments>
<status status="PASS" starttime="20181209 17:23:30.520" endtime="20181209 17:23:31.378"></status>
</kw>
<kw name="Click Element" library="Selenium2Library">
<doc>Click element identified by ``locator``.</doc>
<arguments>
<arg>${save_id}</arg>
</arguments>
<msg timestamp="20181209 17:23:31.378" level="INFO">Clicking element 'id=btnSave'.</msg>
<status status="PASS" starttime="20181209 17:23:31.378" endtime="20181209 17:23:37.715"></status>
</kw>
<status status="PASS" starttime="20181209 17:23:28.041" endtime="20181209 17:23:37.715"></status>
</kw>
<kw name="Close All Browsers" library="Selenium2Library" type="teardown">
<doc>Closes all open browsers and resets the browser cache.</doc>
<status status="PASS" starttime="20181209 17:23:37.715" endtime="20181209 17:23:40.553"></status>
</kw>
<tags>
<tag>regression</tag>
</tags>
<status status="PASS" starttime="20181209 17:23:01.740" endtime="20181209 17:23:40.553" critical="yes"></status>
</test>
<status status="PASS" starttime="20181209 17:23:00.417" endtime="20181209 17:23:40.585"></status>
</suite>
<statistics>
<total>
<stat pass="1" fail="0">Critical Tests</stat>
<stat pass="1" fail="0">All Tests</stat>
</total>
<tag>
<stat pass="1" fail="0">regression</stat>
</tag>
<suite>
<stat pass="1" fail="0" id="s1" name="Add Emp Testcase">Add Emp Testcase</stat>
</suite>
</statistics>
<errors>
</errors>
</robot>
